In file included from /media/sf_Workspace/guoze.lin/ADCore/3rdparty/include/avro/Encoder.hh:28:0,
                 from /media/sf_Workspace/guoze.lin/ADCore/3rdparty/include/avro/Specific.hh:30,
                 from /media/sf_Workspace/guoze.lin/ADCore/protocol/click/click.h:26,
                 from utility.h:26,
                 from cypher.cpp:5:
/media/sf_Workspace/guoze.lin/ADCore/3rdparty/include/avro/Stream.hh:125:16: warning: ‘template<class> class std::auto_ptr’ is deprecated [-Wdeprecated-declarations]
 AVRO_DECL std::auto_ptr<OutputStream> memoryOutputStream(size_t chunkSize = 4 * 1024);
                ^
In file included from /usr/include/c++/5.3.1/memory:81:0,
                 from /usr/include/boost/config/no_tr1/memory.hpp:21,
                 from /usr/include/boost/smart_ptr/shared_ptr.hpp:23,
                 from /usr/include/boost/shared_ptr.hpp:17,
                 from /media/sf_Workspace/guoze.lin/ADCore/3rdparty/include/avro/Node.hh:26,
                 from /media/sf_Workspace/guoze.lin/ADCore/3rdparty/include/avro/ValidSchema.hh:23,
                 from /media/sf_Workspace/guoze.lin/ADCore/3rdparty/include/avro/Encoder.hh:27,
                 from /media/sf_Workspace/guoze.lin/ADCore/3rdparty/include/avro/Specific.hh:30,
                 from /media/sf_Workspace/guoze.lin/ADCore/protocol/click/click.h:26,
                 from utility.h:26,
                 from cypher.cpp:5:
/usr/include/c++/5.3.1/bits/unique_ptr.h:49:28: note: declared here
   template<typename> class auto_ptr;
                            ^
In file included from /media/sf_Workspace/guoze.lin/ADCore/3rdparty/include/avro/Encoder.hh:28:0,
                 from /media/sf_Workspace/guoze.lin/ADCore/3rdparty/include/avro/Specific.hh:30,
                 from /media/sf_Workspace/guoze.lin/ADCore/protocol/click/click.h:26,
                 from utility.h:26,
                 from cypher.cpp:5:
/media/sf_Workspace/guoze.lin/ADCore/3rdparty/include/avro/Stream.hh:132:16: warning: ‘template<class> class std::auto_ptr’ is deprecated [-Wdeprecated-declarations]
 AVRO_DECL std::auto_ptr<InputStream> memoryInputStream(const uint8_t* data, size_t len);
                ^
In file included from /usr/include/c++/5.3.1/memory:81:0,
                 from /usr/include/boost/config/no_tr1/memory.hpp:21,
                 from /usr/include/boost/smart_ptr/shared_ptr.hpp:23,
                 from /usr/include/boost/shared_ptr.hpp:17,
                 from /media/sf_Workspace/guoze.lin/ADCore/3rdparty/include/avro/Node.hh:26,
                 from /media/sf_Workspace/guoze.lin/ADCore/3rdparty/include/avro/ValidSchema.hh:23,
                 from /media/sf_Workspace/guoze.lin/ADCore/3rdparty/include/avro/Encoder.hh:27,
                 from /media/sf_Workspace/guoze.lin/ADCore/3rdparty/include/avro/Specific.hh:30,
                 from /media/sf_Workspace/guoze.lin/ADCore/protocol/click/click.h:26,
                 from utility.h:26,
                 from cypher.cpp:5:
/usr/include/c++/5.3.1/bits/unique_ptr.h:49:28: note: declared here
   template<typename> class auto_ptr;
                            ^
In file included from /media/sf_Workspace/guoze.lin/ADCore/3rdparty/include/avro/Encoder.hh:28:0,
                 from /media/sf_Workspace/guoze.lin/ADCore/3rdparty/include/avro/Specific.hh:30,
                 from /media/sf_Workspace/guoze.lin/ADCore/protocol/click/click.h:26,
                 from utility.h:26,
                 from cypher.cpp:5:
/media/sf_Workspace/guoze.lin/ADCore/3rdparty/include/avro/Stream.hh:141:16: warning: ‘template<class> class std::auto_ptr’ is deprecated [-Wdeprecated-declarations]
 AVRO_DECL std::auto_ptr<InputStream> memoryInputStream(const OutputStream& source);
                ^
In file included from /usr/include/c++/5.3.1/memory:81:0,
                 from /usr/include/boost/config/no_tr1/memory.hpp:21,
                 from /usr/include/boost/smart_ptr/shared_ptr.hpp:23,
                 from /usr/include/boost/shared_ptr.hpp:17,
                 from /media/sf_Workspace/guoze.lin/ADCore/3rdparty/include/avro/Node.hh:26,
                 from /media/sf_Workspace/guoze.lin/ADCore/3rdparty/include/avro/ValidSchema.hh:23,
                 from /media/sf_Workspace/guoze.lin/ADCore/3rdparty/include/avro/Encoder.hh:27,
                 from /media/sf_Workspace/guoze.lin/ADCore/3rdparty/include/avro/Specific.hh:30,
                 from /media/sf_Workspace/guoze.lin/ADCore/protocol/click/click.h:26,
                 from utility.h:26,
                 from cypher.cpp:5:
/usr/include/c++/5.3.1/bits/unique_ptr.h:49:28: note: declared here
   template<typename> class auto_ptr;
                            ^
In file included from /media/sf_Workspace/guoze.lin/ADCore/3rdparty/include/avro/Encoder.hh:28:0,
                 from /media/sf_Workspace/guoze.lin/ADCore/3rdparty/include/avro/Specific.hh:30,
                 from /media/sf_Workspace/guoze.lin/ADCore/protocol/click/click.h:26,
                 from utility.h:26,
                 from cypher.cpp:5:
/media/sf_Workspace/guoze.lin/ADCore/3rdparty/include/avro/Stream.hh:157:16: warning: ‘template<class> class std::auto_ptr’ is deprecated [-Wdeprecated-declarations]
 AVRO_DECL std::auto_ptr<OutputStream> fileOutputStream(const char* filename,
                ^
In file included from /usr/include/c++/5.3.1/memory:81:0,
                 from /usr/include/boost/config/no_tr1/memory.hpp:21,
                 from /usr/include/boost/smart_ptr/shared_ptr.hpp:23,
                 from /usr/include/boost/shared_ptr.hpp:17,
                 from /media/sf_Workspace/guoze.lin/ADCore/3rdparty/include/avro/Node.hh:26,
                 from /media/sf_Workspace/guoze.lin/ADCore/3rdparty/include/avro/ValidSchema.hh:23,
                 from /media/sf_Workspace/guoze.lin/ADCore/3rdparty/include/avro/Encoder.hh:27,
                 from /media/sf_Workspace/guoze.lin/ADCore/3rdparty/include/avro/Specific.hh:30,
                 from /media/sf_Workspace/guoze.lin/ADCore/protocol/click/click.h:26,
                 from utility.h:26,
                 from cypher.cpp:5:
/usr/include/c++/5.3.1/bits/unique_ptr.h:49:28: note: declared here
   template<typename> class auto_ptr;
                            ^
In file included from /media/sf_Workspace/guoze.lin/ADCore/3rdparty/include/avro/Encoder.hh:28:0,
                 from /media/sf_Workspace/guoze.lin/ADCore/3rdparty/include/avro/Specific.hh:30,
                 from /media/sf_Workspace/guoze.lin/ADCore/protocol/click/click.h:26,
                 from utility.h:26,
                 from cypher.cpp:5:
/media/sf_Workspace/guoze.lin/ADCore/3rdparty/include/avro/Stream.hh:164:16: warning: ‘template<class> class std::auto_ptr’ is deprecated [-Wdeprecated-declarations]
 AVRO_DECL std::auto_ptr<InputStream> fileInputStream(const char* filename,
                ^
In file included from /usr/include/c++/5.3.1/memory:81:0,
                 from /usr/include/boost/config/no_tr1/memory.hpp:21,
                 from /usr/include/boost/smart_ptr/shared_ptr.hpp:23,
                 from /usr/include/boost/shared_ptr.hpp:17,
                 from /media/sf_Workspace/guoze.lin/ADCore/3rdparty/include/avro/Node.hh:26,
                 from /media/sf_Workspace/guoze.lin/ADCore/3rdparty/include/avro/ValidSchema.hh:23,
                 from /media/sf_Workspace/guoze.lin/ADCore/3rdparty/include/avro/Encoder.hh:27,
                 from /media/sf_Workspace/guoze.lin/ADCore/3rdparty/include/avro/Specific.hh:30,
                 from /media/sf_Workspace/guoze.lin/ADCore/protocol/click/click.h:26,
                 from utility.h:26,
                 from cypher.cpp:5:
/usr/include/c++/5.3.1/bits/unique_ptr.h:49:28: note: declared here
   template<typename> class auto_ptr;
                            ^
In file included from /media/sf_Workspace/guoze.lin/ADCore/3rdparty/include/avro/Encoder.hh:28:0,
                 from /media/sf_Workspace/guoze.lin/ADCore/3rdparty/include/avro/Specific.hh:30,
                 from /media/sf_Workspace/guoze.lin/ADCore/protocol/click/click.h:26,
                 from utility.h:26,
                 from cypher.cpp:5:
/media/sf_Workspace/guoze.lin/ADCore/3rdparty/include/avro/Stream.hh:172:16: warning: ‘template<class> class std::auto_ptr’ is deprecated [-Wdeprecated-declarations]
 AVRO_DECL std::auto_ptr<OutputStream> ostreamOutputStream(std::ostream& os,
                ^
In file included from /usr/include/c++/5.3.1/memory:81:0,
                 from /usr/include/boost/config/no_tr1/memory.hpp:21,
                 from /usr/include/boost/smart_ptr/shared_ptr.hpp:23,
                 from /usr/include/boost/shared_ptr.hpp:17,
                 from /media/sf_Workspace/guoze.lin/ADCore/3rdparty/include/avro/Node.hh:26,
                 from /media/sf_Workspace/guoze.lin/ADCore/3rdparty/include/avro/ValidSchema.hh:23,
                 from /media/sf_Workspace/guoze.lin/ADCore/3rdparty/include/avro/Encoder.hh:27,
                 from /media/sf_Workspace/guoze.lin/ADCore/3rdparty/include/avro/Specific.hh:30,
                 from /media/sf_Workspace/guoze.lin/ADCore/protocol/click/click.h:26,
                 from utility.h:26,
                 from cypher.cpp:5:
/usr/include/c++/5.3.1/bits/unique_ptr.h:49:28: note: declared here
   template<typename> class auto_ptr;
                            ^
In file included from /media/sf_Workspace/guoze.lin/ADCore/3rdparty/include/avro/Encoder.hh:28:0,
                 from /media/sf_Workspace/guoze.lin/ADCore/3rdparty/include/avro/Specific.hh:30,
                 from /media/sf_Workspace/guoze.lin/ADCore/protocol/click/click.h:26,
                 from utility.h:26,
                 from cypher.cpp:5:
/media/sf_Workspace/guoze.lin/ADCore/3rdparty/include/avro/Stream.hh:180:16: warning: ‘template<class> class std::auto_ptr’ is deprecated [-Wdeprecated-declarations]
 AVRO_DECL std::auto_ptr<InputStream> istreamInputStream(std::istream& in,
                ^
In file included from /usr/include/c++/5.3.1/memory:81:0,
                 from /usr/include/boost/config/no_tr1/memory.hpp:21,
                 from /usr/include/boost/smart_ptr/shared_ptr.hpp:23,
                 from /usr/include/boost/shared_ptr.hpp:17,
                 from /media/sf_Workspace/guoze.lin/ADCore/3rdparty/include/avro/Node.hh:26,
                 from /media/sf_Workspace/guoze.lin/ADCore/3rdparty/include/avro/ValidSchema.hh:23,
                 from /media/sf_Workspace/guoze.lin/ADCore/3rdparty/include/avro/Encoder.hh:27,
                 from /media/sf_Workspace/guoze.lin/ADCore/3rdparty/include/avro/Specific.hh:30,
                 from /media/sf_Workspace/guoze.lin/ADCore/protocol/click/click.h:26,
                 from utility.h:26,
                 from cypher.cpp:5:
/usr/include/c++/5.3.1/bits/unique_ptr.h:49:28: note: declared here
   template<typename> class auto_ptr;
                            ^
In file included from /media/sf_Workspace/guoze.lin/ADCore/3rdparty/include/avro/Encoder.hh:28:0,
                 from /media/sf_Workspace/guoze.lin/ADCore/3rdparty/include/avro/Specific.hh:30,
                 from /media/sf_Workspace/guoze.lin/ADCore/protocol/click/click.h:26,
                 from utility.h:26,
                 from hash.cpp:5:
/media/sf_Workspace/guoze.lin/ADCore/3rdparty/include/avro/Stream.hh:125:16: warning: ‘template<class> class std::auto_ptr’ is deprecated [-Wdeprecated-declarations]
 AVRO_DECL std::auto_ptr<OutputStream> memoryOutputStream(size_t chunkSize = 4 * 1024);
                ^
In file included from /usr/include/c++/5.3.1/memory:81:0,
                 from /usr/include/boost/config/no_tr1/memory.hpp:21,
                 from /usr/include/boost/smart_ptr/shared_ptr.hpp:23,
                 from /usr/include/boost/shared_ptr.hpp:17,
                 from /media/sf_Workspace/guoze.lin/ADCore/3rdparty/include/avro/Node.hh:26,
                 from /media/sf_Workspace/guoze.lin/ADCore/3rdparty/include/avro/ValidSchema.hh:23,
                 from /media/sf_Workspace/guoze.lin/ADCore/3rdparty/include/avro/Encoder.hh:27,
                 from /media/sf_Workspace/guoze.lin/ADCore/3rdparty/include/avro/Specific.hh:30,
                 from /media/sf_Workspace/guoze.lin/ADCore/protocol/click/click.h:26,
                 from utility.h:26,
                 from hash.cpp:5:
/usr/include/c++/5.3.1/bits/unique_ptr.h:49:28: note: declared here
   template<typename> class auto_ptr;
                            ^
In file included from /media/sf_Workspace/guoze.lin/ADCore/3rdparty/include/avro/Encoder.hh:28:0,
                 from /media/sf_Workspace/guoze.lin/ADCore/3rdparty/include/avro/Specific.hh:30,
                 from /media/sf_Workspace/guoze.lin/ADCore/protocol/click/click.h:26,
                 from utility.h:26,
                 from hash.cpp:5:
/media/sf_Workspace/guoze.lin/ADCore/3rdparty/include/avro/Stream.hh:132:16: warning: ‘template<class> class std::auto_ptr’ is deprecated [-Wdeprecated-declarations]
 AVRO_DECL std::auto_ptr<InputStream> memoryInputStream(const uint8_t* data, size_t len);
                ^
In file included from /usr/include/c++/5.3.1/memory:81:0,
                 from /usr/include/boost/config/no_tr1/memory.hpp:21,
                 from /usr/include/boost/smart_ptr/shared_ptr.hpp:23,
                 from /usr/include/boost/shared_ptr.hpp:17,
                 from /media/sf_Workspace/guoze.lin/ADCore/3rdparty/include/avro/Node.hh:26,
                 from /media/sf_Workspace/guoze.lin/ADCore/3rdparty/include/avro/ValidSchema.hh:23,
                 from /media/sf_Workspace/guoze.lin/ADCore/3rdparty/include/avro/Encoder.hh:27,
                 from /media/sf_Workspace/guoze.lin/ADCore/3rdparty/include/avro/Specific.hh:30,
                 from /media/sf_Workspace/guoze.lin/ADCore/protocol/click/click.h:26,
                 from utility.h:26,
                 from hash.cpp:5:
/usr/include/c++/5.3.1/bits/unique_ptr.h:49:28: note: declared here
   template<typename> class auto_ptr;
                            ^
In file included from /media/sf_Workspace/guoze.lin/ADCore/3rdparty/include/avro/Encoder.hh:28:0,
                 from /media/sf_Workspace/guoze.lin/ADCore/3rdparty/include/avro/Specific.hh:30,
                 from /media/sf_Workspace/guoze.lin/ADCore/protocol/click/click.h:26,
                 from utility.h:26,
                 from hash.cpp:5:
/media/sf_Workspace/guoze.lin/ADCore/3rdparty/include/avro/Stream.hh:141:16: warning: ‘template<class> class std::auto_ptr’ is deprecated [-Wdeprecated-declarations]
 AVRO_DECL std::auto_ptr<InputStream> memoryInputStream(const OutputStream& source);
                ^
In file included from /usr/include/c++/5.3.1/memory:81:0,
                 from /usr/include/boost/config/no_tr1/memory.hpp:21,
                 from /usr/include/boost/smart_ptr/shared_ptr.hpp:23,
                 from /usr/include/boost/shared_ptr.hpp:17,
                 from /media/sf_Workspace/guoze.lin/ADCore/3rdparty/include/avro/Node.hh:26,
                 from /media/sf_Workspace/guoze.lin/ADCore/3rdparty/include/avro/ValidSchema.hh:23,
                 from /media/sf_Workspace/guoze.lin/ADCore/3rdparty/include/avro/Encoder.hh:27,
                 from /media/sf_Workspace/guoze.lin/ADCore/3rdparty/include/avro/Specific.hh:30,
                 from /media/sf_Workspace/guoze.lin/ADCore/protocol/click/click.h:26,
                 from utility.h:26,
                 from hash.cpp:5:
/usr/include/c++/5.3.1/bits/unique_ptr.h:49:28: note: declared here
   template<typename> class auto_ptr;
                            ^
In file included from /media/sf_Workspace/guoze.lin/ADCore/3rdparty/include/avro/Encoder.hh:28:0,
                 from /media/sf_Workspace/guoze.lin/ADCore/3rdparty/include/avro/Specific.hh:30,
                 from /media/sf_Workspace/guoze.lin/ADCore/protocol/click/click.h:26,
                 from utility.h:26,
                 from hash.cpp:5:
/media/sf_Workspace/guoze.lin/ADCore/3rdparty/include/avro/Stream.hh:157:16: warning: ‘template<class> class std::auto_ptr’ is deprecated [-Wdeprecated-declarations]
 AVRO_DECL std::auto_ptr<OutputStream> fileOutputStream(const char* filename,
                ^
In file included from /usr/include/c++/5.3.1/memory:81:0,
                 from /usr/include/boost/config/no_tr1/memory.hpp:21,
                 from /usr/include/boost/smart_ptr/shared_ptr.hpp:23,
                 from /usr/include/boost/shared_ptr.hpp:17,
                 from /media/sf_Workspace/guoze.lin/ADCore/3rdparty/include/avro/Node.hh:26,
                 from /media/sf_Workspace/guoze.lin/ADCore/3rdparty/include/avro/ValidSchema.hh:23,
                 from /media/sf_Workspace/guoze.lin/ADCore/3rdparty/include/avro/Encoder.hh:27,
                 from /media/sf_Workspace/guoze.lin/ADCore/3rdparty/include/avro/Specific.hh:30,
                 from /media/sf_Workspace/guoze.lin/ADCore/protocol/click/click.h:26,
                 from utility.h:26,
                 from hash.cpp:5:
/usr/include/c++/5.3.1/bits/unique_ptr.h:49:28: note: declared here
   template<typename> class auto_ptr;
                            ^
In file included from /media/sf_Workspace/guoze.lin/ADCore/3rdparty/include/avro/Encoder.hh:28:0,
                 from /media/sf_Workspace/guoze.lin/ADCore/3rdparty/include/avro/Specific.hh:30,
                 from /media/sf_Workspace/guoze.lin/ADCore/protocol/click/click.h:26,
                 from utility.h:26,
                 from hash.cpp:5:
/media/sf_Workspace/guoze.lin/ADCore/3rdparty/include/avro/Stream.hh:164:16: warning: ‘template<class> class std::auto_ptr’ is deprecated [-Wdeprecated-declarations]
 AVRO_DECL std::auto_ptr<InputStream> fileInputStream(const char* filename,
                ^
In file included from /usr/include/c++/5.3.1/memory:81:0,
                 from /usr/include/boost/config/no_tr1/memory.hpp:21,
                 from /usr/include/boost/smart_ptr/shared_ptr.hpp:23,
                 from /usr/include/boost/shared_ptr.hpp:17,
                 from /media/sf_Workspace/guoze.lin/ADCore/3rdparty/include/avro/Node.hh:26,
                 from /media/sf_Workspace/guoze.lin/ADCore/3rdparty/include/avro/ValidSchema.hh:23,
                 from /media/sf_Workspace/guoze.lin/ADCore/3rdparty/include/avro/Encoder.hh:27,
                 from /media/sf_Workspace/guoze.lin/ADCore/3rdparty/include/avro/Specific.hh:30,
                 from /media/sf_Workspace/guoze.lin/ADCore/protocol/click/click.h:26,
                 from utility.h:26,
                 from hash.cpp:5:
/usr/include/c++/5.3.1/bits/unique_ptr.h:49:28: note: declared here
   template<typename> class auto_ptr;
                            ^
In file included from /media/sf_Workspace/guoze.lin/ADCore/3rdparty/include/avro/Encoder.hh:28:0,
                 from /media/sf_Workspace/guoze.lin/ADCore/3rdparty/include/avro/Specific.hh:30,
                 from /media/sf_Workspace/guoze.lin/ADCore/protocol/click/click.h:26,
                 from utility.h:26,
                 from hash.cpp:5:
/media/sf_Workspace/guoze.lin/ADCore/3rdparty/include/avro/Stream.hh:172:16: warning: ‘template<class> class std::auto_ptr’ is deprecated [-Wdeprecated-declarations]
 AVRO_DECL std::auto_ptr<OutputStream> ostreamOutputStream(std::ostream& os,
                ^
In file included from /usr/include/c++/5.3.1/memory:81:0,
                 from /usr/include/boost/config/no_tr1/memory.hpp:21,
                 from /usr/include/boost/smart_ptr/shared_ptr.hpp:23,
                 from /usr/include/boost/shared_ptr.hpp:17,
                 from /media/sf_Workspace/guoze.lin/ADCore/3rdparty/include/avro/Node.hh:26,
                 from /media/sf_Workspace/guoze.lin/ADCore/3rdparty/include/avro/ValidSchema.hh:23,
                 from /media/sf_Workspace/guoze.lin/ADCore/3rdparty/include/avro/Encoder.hh:27,
                 from /media/sf_Workspace/guoze.lin/ADCore/3rdparty/include/avro/Specific.hh:30,
                 from /media/sf_Workspace/guoze.lin/ADCore/protocol/click/click.h:26,
                 from utility.h:26,
                 from hash.cpp:5:
/usr/include/c++/5.3.1/bits/unique_ptr.h:49:28: note: declared here
   template<typename> class auto_ptr;
                            ^
In file included from /media/sf_Workspace/guoze.lin/ADCore/3rdparty/include/avro/Encoder.hh:28:0,
                 from /media/sf_Workspace/guoze.lin/ADCore/3rdparty/include/avro/Specific.hh:30,
                 from /media/sf_Workspace/guoze.lin/ADCore/protocol/click/click.h:26,
                 from utility.h:26,
                 from hash.cpp:5:
/media/sf_Workspace/guoze.lin/ADCore/3rdparty/include/avro/Stream.hh:180:16: warning: ‘template<class> class std::auto_ptr’ is deprecated [-Wdeprecated-declarations]
 AVRO_DECL std::auto_ptr<InputStream> istreamInputStream(std::istream& in,
                ^
In file included from /usr/include/c++/5.3.1/memory:81:0,
                 from /usr/include/boost/config/no_tr1/memory.hpp:21,
                 from /usr/include/boost/smart_ptr/shared_ptr.hpp:23,
                 from /usr/include/boost/shared_ptr.hpp:17,
                 from /media/sf_Workspace/guoze.lin/ADCore/3rdparty/include/avro/Node.hh:26,
                 from /media/sf_Workspace/guoze.lin/ADCore/3rdparty/include/avro/ValidSchema.hh:23,
                 from /media/sf_Workspace/guoze.lin/ADCore/3rdparty/include/avro/Encoder.hh:27,
                 from /media/sf_Workspace/guoze.lin/ADCore/3rdparty/include/avro/Specific.hh:30,
                 from /media/sf_Workspace/guoze.lin/ADCore/protocol/click/click.h:26,
                 from utility.h:26,
                 from hash.cpp:5:
/usr/include/c++/5.3.1/bits/unique_ptr.h:49:28: note: declared here
   template<typename> class auto_ptr;
                            ^
In file included from /media/sf_Workspace/guoze.lin/ADCore/3rdparty/include/avro/Encoder.hh:28:0,
                 from /media/sf_Workspace/guoze.lin/ADCore/3rdparty/include/avro/Specific.hh:30,
                 from /media/sf_Workspace/guoze.lin/ADCore/protocol/click/click.h:26,
                 from utility.h:26,
                 from time.cpp:5:
/media/sf_Workspace/guoze.lin/ADCore/3rdparty/include/avro/Stream.hh:125:16: warning: ‘template<class> class std::auto_ptr’ is deprecated [-Wdeprecated-declarations]
 AVRO_DECL std::auto_ptr<OutputStream> memoryOutputStream(size_t chunkSize = 4 * 1024);
                ^
In file included from /usr/include/c++/5.3.1/memory:81:0,
                 from /usr/include/boost/config/no_tr1/memory.hpp:21,
                 from /usr/include/boost/smart_ptr/shared_ptr.hpp:23,
                 from /usr/include/boost/shared_ptr.hpp:17,
                 from /media/sf_Workspace/guoze.lin/ADCore/3rdparty/include/avro/Node.hh:26,
                 from /media/sf_Workspace/guoze.lin/ADCore/3rdparty/include/avro/ValidSchema.hh:23,
                 from /media/sf_Workspace/guoze.lin/ADCore/3rdparty/include/avro/Encoder.hh:27,
                 from /media/sf_Workspace/guoze.lin/ADCore/3rdparty/include/avro/Specific.hh:30,
                 from /media/sf_Workspace/guoze.lin/ADCore/protocol/click/click.h:26,
                 from utility.h:26,
                 from time.cpp:5:
/usr/include/c++/5.3.1/bits/unique_ptr.h:49:28: note: declared here
   template<typename> class auto_ptr;
                            ^
In file included from /media/sf_Workspace/guoze.lin/ADCore/3rdparty/include/avro/Encoder.hh:28:0,
                 from /media/sf_Workspace/guoze.lin/ADCore/3rdparty/include/avro/Specific.hh:30,
                 from /media/sf_Workspace/guoze.lin/ADCore/protocol/click/click.h:26,
                 from utility.h:26,
                 from time.cpp:5:
/media/sf_Workspace/guoze.lin/ADCore/3rdparty/include/avro/Stream.hh:132:16: warning: ‘template<class> class std::auto_ptr’ is deprecated [-Wdeprecated-declarations]
 AVRO_DECL std::auto_ptr<InputStream> memoryInputStream(const uint8_t* data, size_t len);
                ^
In file included from /usr/include/c++/5.3.1/memory:81:0,
                 from /usr/include/boost/config/no_tr1/memory.hpp:21,
                 from /usr/include/boost/smart_ptr/shared_ptr.hpp:23,
                 from /usr/include/boost/shared_ptr.hpp:17,
                 from /media/sf_Workspace/guoze.lin/ADCore/3rdparty/include/avro/Node.hh:26,
                 from /media/sf_Workspace/guoze.lin/ADCore/3rdparty/include/avro/ValidSchema.hh:23,
                 from /media/sf_Workspace/guoze.lin/ADCore/3rdparty/include/avro/Encoder.hh:27,
                 from /media/sf_Workspace/guoze.lin/ADCore/3rdparty/include/avro/Specific.hh:30,
                 from /media/sf_Workspace/guoze.lin/ADCore/protocol/click/click.h:26,
                 from utility.h:26,
                 from time.cpp:5:
/usr/include/c++/5.3.1/bits/unique_ptr.h:49:28: note: declared here
   template<typename> class auto_ptr;
                            ^
In file included from /media/sf_Workspace/guoze.lin/ADCore/3rdparty/include/avro/Encoder.hh:28:0,
                 from /media/sf_Workspace/guoze.lin/ADCore/3rdparty/include/avro/Specific.hh:30,
                 from /media/sf_Workspace/guoze.lin/ADCore/protocol/click/click.h:26,
                 from utility.h:26,
                 from time.cpp:5:
/media/sf_Workspace/guoze.lin/ADCore/3rdparty/include/avro/Stream.hh:141:16: warning: ‘template<class> class std::auto_ptr’ is deprecated [-Wdeprecated-declarations]
 AVRO_DECL std::auto_ptr<InputStream> memoryInputStream(const OutputStream& source);
                ^
In file included from /usr/include/c++/5.3.1/memory:81:0,
                 from /usr/include/boost/config/no_tr1/memory.hpp:21,
                 from /usr/include/boost/smart_ptr/shared_ptr.hpp:23,
                 from /usr/include/boost/shared_ptr.hpp:17,
                 from /media/sf_Workspace/guoze.lin/ADCore/3rdparty/include/avro/Node.hh:26,
                 from /media/sf_Workspace/guoze.lin/ADCore/3rdparty/include/avro/ValidSchema.hh:23,
                 from /media/sf_Workspace/guoze.lin/ADCore/3rdparty/include/avro/Encoder.hh:27,
                 from /media/sf_Workspace/guoze.lin/ADCore/3rdparty/include/avro/Specific.hh:30,
                 from /media/sf_Workspace/guoze.lin/ADCore/protocol/click/click.h:26,
                 from utility.h:26,
                 from time.cpp:5:
/usr/include/c++/5.3.1/bits/unique_ptr.h:49:28: note: declared here
   template<typename> class auto_ptr;
                            ^
In file included from /media/sf_Workspace/guoze.lin/ADCore/3rdparty/include/avro/Encoder.hh:28:0,
                 from /media/sf_Workspace/guoze.lin/ADCore/3rdparty/include/avro/Specific.hh:30,
                 from /media/sf_Workspace/guoze.lin/ADCore/protocol/click/click.h:26,
                 from utility.h:26,
                 from time.cpp:5:
/media/sf_Workspace/guoze.lin/ADCore/3rdparty/include/avro/Stream.hh:157:16: warning: ‘template<class> class std::auto_ptr’ is deprecated [-Wdeprecated-declarations]
 AVRO_DECL std::auto_ptr<OutputStream> fileOutputStream(const char* filename,
                ^
In file included from /usr/include/c++/5.3.1/memory:81:0,
                 from /usr/include/boost/config/no_tr1/memory.hpp:21,
                 from /usr/include/boost/smart_ptr/shared_ptr.hpp:23,
                 from /usr/include/boost/shared_ptr.hpp:17,
                 from /media/sf_Workspace/guoze.lin/ADCore/3rdparty/include/avro/Node.hh:26,
                 from /media/sf_Workspace/guoze.lin/ADCore/3rdparty/include/avro/ValidSchema.hh:23,
                 from /media/sf_Workspace/guoze.lin/ADCore/3rdparty/include/avro/Encoder.hh:27,
                 from /media/sf_Workspace/guoze.lin/ADCore/3rdparty/include/avro/Specific.hh:30,
                 from /media/sf_Workspace/guoze.lin/ADCore/protocol/click/click.h:26,
                 from utility.h:26,
                 from time.cpp:5:
/usr/include/c++/5.3.1/bits/unique_ptr.h:49:28: note: declared here
   template<typename> class auto_ptr;
                            ^
In file included from /media/sf_Workspace/guoze.lin/ADCore/3rdparty/include/avro/Encoder.hh:28:0,
                 from /media/sf_Workspace/guoze.lin/ADCore/3rdparty/include/avro/Specific.hh:30,
                 from /media/sf_Workspace/guoze.lin/ADCore/protocol/click/click.h:26,
                 from utility.h:26,
                 from time.cpp:5:
/media/sf_Workspace/guoze.lin/ADCore/3rdparty/include/avro/Stream.hh:164:16: warning: ‘template<class> class std::auto_ptr’ is deprecated [-Wdeprecated-declarations]
 AVRO_DECL std::auto_ptr<InputStream> fileInputStream(const char* filename,
                ^
In file included from /usr/include/c++/5.3.1/memory:81:0,
                 from /usr/include/boost/config/no_tr1/memory.hpp:21,
                 from /usr/include/boost/smart_ptr/shared_ptr.hpp:23,
                 from /usr/include/boost/shared_ptr.hpp:17,
                 from /media/sf_Workspace/guoze.lin/ADCore/3rdparty/include/avro/Node.hh:26,
                 from /media/sf_Workspace/guoze.lin/ADCore/3rdparty/include/avro/ValidSchema.hh:23,
                 from /media/sf_Workspace/guoze.lin/ADCore/3rdparty/include/avro/Encoder.hh:27,
                 from /media/sf_Workspace/guoze.lin/ADCore/3rdparty/include/avro/Specific.hh:30,
                 from /media/sf_Workspace/guoze.lin/ADCore/protocol/click/click.h:26,
                 from utility.h:26,
                 from time.cpp:5:
/usr/include/c++/5.3.1/bits/unique_ptr.h:49:28: note: declared here
   template<typename> class auto_ptr;
                            ^
In file included from /media/sf_Workspace/guoze.lin/ADCore/3rdparty/include/avro/Encoder.hh:28:0,
                 from /media/sf_Workspace/guoze.lin/ADCore/3rdparty/include/avro/Specific.hh:30,
                 from /media/sf_Workspace/guoze.lin/ADCore/protocol/click/click.h:26,
                 from utility.h:26,
                 from time.cpp:5:
/media/sf_Workspace/guoze.lin/ADCore/3rdparty/include/avro/Stream.hh:172:16: warning: ‘template<class> class std::auto_ptr’ is deprecated [-Wdeprecated-declarations]
 AVRO_DECL std::auto_ptr<OutputStream> ostreamOutputStream(std::ostream& os,
                ^
In file included from /usr/include/c++/5.3.1/memory:81:0,
                 from /usr/include/boost/config/no_tr1/memory.hpp:21,
                 from /usr/include/boost/smart_ptr/shared_ptr.hpp:23,
                 from /usr/include/boost/shared_ptr.hpp:17,
                 from /media/sf_Workspace/guoze.lin/ADCore/3rdparty/include/avro/Node.hh:26,
                 from /media/sf_Workspace/guoze.lin/ADCore/3rdparty/include/avro/ValidSchema.hh:23,
                 from /media/sf_Workspace/guoze.lin/ADCore/3rdparty/include/avro/Encoder.hh:27,
                 from /media/sf_Workspace/guoze.lin/ADCore/3rdparty/include/avro/Specific.hh:30,
                 from /media/sf_Workspace/guoze.lin/ADCore/protocol/click/click.h:26,
                 from utility.h:26,
                 from time.cpp:5:
/usr/include/c++/5.3.1/bits/unique_ptr.h:49:28: note: declared here
   template<typename> class auto_ptr;
                            ^
In file included from /media/sf_Workspace/guoze.lin/ADCore/3rdparty/include/avro/Encoder.hh:28:0,
                 from /media/sf_Workspace/guoze.lin/ADCore/3rdparty/include/avro/Specific.hh:30,
                 from /media/sf_Workspace/guoze.lin/ADCore/protocol/click/click.h:26,
                 from utility.h:26,
                 from time.cpp:5:
/media/sf_Workspace/guoze.lin/ADCore/3rdparty/include/avro/Stream.hh:180:16: warning: ‘template<class> class std::auto_ptr’ is deprecated [-Wdeprecated-declarations]
 AVRO_DECL std::auto_ptr<InputStream> istreamInputStream(std::istream& in,
                ^
In file included from /usr/include/c++/5.3.1/memory:81:0,
                 from /usr/include/boost/config/no_tr1/memory.hpp:21,
                 from /usr/include/boost/smart_ptr/shared_ptr.hpp:23,
                 from /usr/include/boost/shared_ptr.hpp:17,
                 from /media/sf_Workspace/guoze.lin/ADCore/3rdparty/include/avro/Node.hh:26,
                 from /media/sf_Workspace/guoze.lin/ADCore/3rdparty/include/avro/ValidSchema.hh:23,
                 from /media/sf_Workspace/guoze.lin/ADCore/3rdparty/include/avro/Encoder.hh:27,
                 from /media/sf_Workspace/guoze.lin/ADCore/3rdparty/include/avro/Specific.hh:30,
                 from /media/sf_Workspace/guoze.lin/ADCore/protocol/click/click.h:26,
                 from utility.h:26,
                 from time.cpp:5:
/usr/include/c++/5.3.1/bits/unique_ptr.h:49:28: note: declared here
   template<typename> class auto_ptr;
                            ^
In file included from /media/sf_Workspace/guoze.lin/ADCore/3rdparty/include/avro/Encoder.hh:28:0,
                 from /media/sf_Workspace/guoze.lin/ADCore/3rdparty/include/avro/Specific.hh:30,
                 from /media/sf_Workspace/guoze.lin/ADCore/protocol/click/click.h:26,
                 from utility.h:26,
                 from json.cpp:5:
/media/sf_Workspace/guoze.lin/ADCore/3rdparty/include/avro/Stream.hh:125:16: warning: ‘template<class> class std::auto_ptr’ is deprecated [-Wdeprecated-declarations]
 AVRO_DECL std::auto_ptr<OutputStream> memoryOutputStream(size_t chunkSize = 4 * 1024);
                ^
In file included from /usr/include/c++/5.3.1/memory:81:0,
                 from /usr/include/boost/config/no_tr1/memory.hpp:21,
                 from /usr/include/boost/smart_ptr/shared_ptr.hpp:23,
                 from /usr/include/boost/shared_ptr.hpp:17,
                 from /media/sf_Workspace/guoze.lin/ADCore/3rdparty/include/avro/Node.hh:26,
                 from /media/sf_Workspace/guoze.lin/ADCore/3rdparty/include/avro/ValidSchema.hh:23,
                 from /media/sf_Workspace/guoze.lin/ADCore/3rdparty/include/avro/Encoder.hh:27,
                 from /media/sf_Workspace/guoze.lin/ADCore/3rdparty/include/avro/Specific.hh:30,
                 from /media/sf_Workspace/guoze.lin/ADCore/protocol/click/click.h:26,
                 from utility.h:26,
                 from json.cpp:5:
/usr/include/c++/5.3.1/bits/unique_ptr.h:49:28: note: declared here
   template<typename> class auto_ptr;
                            ^
In file included from /media/sf_Workspace/guoze.lin/ADCore/3rdparty/include/avro/Encoder.hh:28:0,
                 from /media/sf_Workspace/guoze.lin/ADCore/3rdparty/include/avro/Specific.hh:30,
                 from /media/sf_Workspace/guoze.lin/ADCore/protocol/click/click.h:26,
                 from utility.h:26,
                 from json.cpp:5:
/media/sf_Workspace/guoze.lin/ADCore/3rdparty/include/avro/Stream.hh:132:16: warning: ‘template<class> class std::auto_ptr’ is deprecated [-Wdeprecated-declarations]
 AVRO_DECL std::auto_ptr<InputStream> memoryInputStream(const uint8_t* data, size_t len);
                ^
In file included from /usr/include/c++/5.3.1/memory:81:0,
                 from /usr/include/boost/config/no_tr1/memory.hpp:21,
                 from /usr/include/boost/smart_ptr/shared_ptr.hpp:23,
                 from /usr/include/boost/shared_ptr.hpp:17,
                 from /media/sf_Workspace/guoze.lin/ADCore/3rdparty/include/avro/Node.hh:26,
                 from /media/sf_Workspace/guoze.lin/ADCore/3rdparty/include/avro/ValidSchema.hh:23,
                 from /media/sf_Workspace/guoze.lin/ADCore/3rdparty/include/avro/Encoder.hh:27,
                 from /media/sf_Workspace/guoze.lin/ADCore/3rdparty/include/avro/Specific.hh:30,
                 from /media/sf_Workspace/guoze.lin/ADCore/protocol/click/click.h:26,
                 from utility.h:26,
                 from json.cpp:5:
/usr/include/c++/5.3.1/bits/unique_ptr.h:49:28: note: declared here
   template<typename> class auto_ptr;
                            ^
In file included from /media/sf_Workspace/guoze.lin/ADCore/3rdparty/include/avro/Encoder.hh:28:0,
                 from /media/sf_Workspace/guoze.lin/ADCore/3rdparty/include/avro/Specific.hh:30,
                 from /media/sf_Workspace/guoze.lin/ADCore/protocol/click/click.h:26,
                 from utility.h:26,
                 from json.cpp:5:
/media/sf_Workspace/guoze.lin/ADCore/3rdparty/include/avro/Stream.hh:141:16: warning: ‘template<class> class std::auto_ptr’ is deprecated [-Wdeprecated-declarations]
 AVRO_DECL std::auto_ptr<InputStream> memoryInputStream(const OutputStream& source);
                ^
In file included from /usr/include/c++/5.3.1/memory:81:0,
                 from /usr/include/boost/config/no_tr1/memory.hpp:21,
                 from /usr/include/boost/smart_ptr/shared_ptr.hpp:23,
                 from /usr/include/boost/shared_ptr.hpp:17,
                 from /media/sf_Workspace/guoze.lin/ADCore/3rdparty/include/avro/Node.hh:26,
                 from /media/sf_Workspace/guoze.lin/ADCore/3rdparty/include/avro/ValidSchema.hh:23,
                 from /media/sf_Workspace/guoze.lin/ADCore/3rdparty/include/avro/Encoder.hh:27,
                 from /media/sf_Workspace/guoze.lin/ADCore/3rdparty/include/avro/Specific.hh:30,
                 from /media/sf_Workspace/guoze.lin/ADCore/protocol/click/click.h:26,
                 from utility.h:26,
                 from json.cpp:5:
/usr/include/c++/5.3.1/bits/unique_ptr.h:49:28: note: declared here
   template<typename> class auto_ptr;
                            ^
In file included from /media/sf_Workspace/guoze.lin/ADCore/3rdparty/include/avro/Encoder.hh:28:0,
                 from /media/sf_Workspace/guoze.lin/ADCore/3rdparty/include/avro/Specific.hh:30,
                 from /media/sf_Workspace/guoze.lin/ADCore/protocol/click/click.h:26,
                 from utility.h:26,
                 from json.cpp:5:
/media/sf_Workspace/guoze.lin/ADCore/3rdparty/include/avro/Stream.hh:157:16: warning: ‘template<class> class std::auto_ptr’ is deprecated [-Wdeprecated-declarations]
 AVRO_DECL std::auto_ptr<OutputStream> fileOutputStream(const char* filename,
                ^
In file included from /usr/include/c++/5.3.1/memory:81:0,
                 from /usr/include/boost/config/no_tr1/memory.hpp:21,
                 from /usr/include/boost/smart_ptr/shared_ptr.hpp:23,
                 from /usr/include/boost/shared_ptr.hpp:17,
                 from /media/sf_Workspace/guoze.lin/ADCore/3rdparty/include/avro/Node.hh:26,
                 from /media/sf_Workspace/guoze.lin/ADCore/3rdparty/include/avro/ValidSchema.hh:23,
                 from /media/sf_Workspace/guoze.lin/ADCore/3rdparty/include/avro/Encoder.hh:27,
                 from /media/sf_Workspace/guoze.lin/ADCore/3rdparty/include/avro/Specific.hh:30,
                 from /media/sf_Workspace/guoze.lin/ADCore/protocol/click/click.h:26,
                 from utility.h:26,
                 from json.cpp:5:
/usr/include/c++/5.3.1/bits/unique_ptr.h:49:28: note: declared here
   template<typename> class auto_ptr;
                            ^
In file included from /media/sf_Workspace/guoze.lin/ADCore/3rdparty/include/avro/Encoder.hh:28:0,
                 from /media/sf_Workspace/guoze.lin/ADCore/3rdparty/include/avro/Specific.hh:30,
                 from /media/sf_Workspace/guoze.lin/ADCore/protocol/click/click.h:26,
                 from utility.h:26,
                 from json.cpp:5:
/media/sf_Workspace/guoze.lin/ADCore/3rdparty/include/avro/Stream.hh:164:16: warning: ‘template<class> class std::auto_ptr’ is deprecated [-Wdeprecated-declarations]
 AVRO_DECL std::auto_ptr<InputStream> fileInputStream(const char* filename,
                ^
In file included from /usr/include/c++/5.3.1/memory:81:0,
                 from /usr/include/boost/config/no_tr1/memory.hpp:21,
                 from /usr/include/boost/smart_ptr/shared_ptr.hpp:23,
                 from /usr/include/boost/shared_ptr.hpp:17,
                 from /media/sf_Workspace/guoze.lin/ADCore/3rdparty/include/avro/Node.hh:26,
                 from /media/sf_Workspace/guoze.lin/ADCore/3rdparty/include/avro/ValidSchema.hh:23,
                 from /media/sf_Workspace/guoze.lin/ADCore/3rdparty/include/avro/Encoder.hh:27,
                 from /media/sf_Workspace/guoze.lin/ADCore/3rdparty/include/avro/Specific.hh:30,
                 from /media/sf_Workspace/guoze.lin/ADCore/protocol/click/click.h:26,
                 from utility.h:26,
                 from json.cpp:5:
/usr/include/c++/5.3.1/bits/unique_ptr.h:49:28: note: declared here
   template<typename> class auto_ptr;
                            ^
In file included from /media/sf_Workspace/guoze.lin/ADCore/3rdparty/include/avro/Encoder.hh:28:0,
                 from /media/sf_Workspace/guoze.lin/ADCore/3rdparty/include/avro/Specific.hh:30,
                 from /media/sf_Workspace/guoze.lin/ADCore/protocol/click/click.h:26,
                 from utility.h:26,
                 from json.cpp:5:
/media/sf_Workspace/guoze.lin/ADCore/3rdparty/include/avro/Stream.hh:172:16: warning: ‘template<class> class std::auto_ptr’ is deprecated [-Wdeprecated-declarations]
 AVRO_DECL std::auto_ptr<OutputStream> ostreamOutputStream(std::ostream& os,
                ^
In file included from /usr/include/c++/5.3.1/memory:81:0,
                 from /usr/include/boost/config/no_tr1/memory.hpp:21,
                 from /usr/include/boost/smart_ptr/shared_ptr.hpp:23,
                 from /usr/include/boost/shared_ptr.hpp:17,
                 from /media/sf_Workspace/guoze.lin/ADCore/3rdparty/include/avro/Node.hh:26,
                 from /media/sf_Workspace/guoze.lin/ADCore/3rdparty/include/avro/ValidSchema.hh:23,
                 from /media/sf_Workspace/guoze.lin/ADCore/3rdparty/include/avro/Encoder.hh:27,
                 from /media/sf_Workspace/guoze.lin/ADCore/3rdparty/include/avro/Specific.hh:30,
                 from /media/sf_Workspace/guoze.lin/ADCore/protocol/click/click.h:26,
                 from utility.h:26,
                 from json.cpp:5:
/usr/include/c++/5.3.1/bits/unique_ptr.h:49:28: note: declared here
   template<typename> class auto_ptr;
                            ^
In file included from /media/sf_Workspace/guoze.lin/ADCore/3rdparty/include/avro/Encoder.hh:28:0,
                 from /media/sf_Workspace/guoze.lin/ADCore/3rdparty/include/avro/Specific.hh:30,
                 from /media/sf_Workspace/guoze.lin/ADCore/protocol/click/click.h:26,
                 from utility.h:26,
                 from json.cpp:5:
/media/sf_Workspace/guoze.lin/ADCore/3rdparty/include/avro/Stream.hh:180:16: warning: ‘template<class> class std::auto_ptr’ is deprecated [-Wdeprecated-declarations]
 AVRO_DECL std::auto_ptr<InputStream> istreamInputStream(std::istream& in,
                ^
In file included from /usr/include/c++/5.3.1/memory:81:0,
                 from /usr/include/boost/config/no_tr1/memory.hpp:21,
                 from /usr/include/boost/smart_ptr/shared_ptr.hpp:23,
                 from /usr/include/boost/shared_ptr.hpp:17,
                 from /media/sf_Workspace/guoze.lin/ADCore/3rdparty/include/avro/Node.hh:26,
                 from /media/sf_Workspace/guoze.lin/ADCore/3rdparty/include/avro/ValidSchema.hh:23,
                 from /media/sf_Workspace/guoze.lin/ADCore/3rdparty/include/avro/Encoder.hh:27,
                 from /media/sf_Workspace/guoze.lin/ADCore/3rdparty/include/avro/Specific.hh:30,
                 from /media/sf_Workspace/guoze.lin/ADCore/protocol/click/click.h:26,
                 from utility.h:26,
                 from json.cpp:5:
/usr/include/c++/5.3.1/bits/unique_ptr.h:49:28: note: declared here
   template<typename> class auto_ptr;
                            ^
In file included from /media/sf_Workspace/guoze.lin/ADCore/3rdparty/include/avro/Encoder.hh:28:0,
                 from /media/sf_Workspace/guoze.lin/ADCore/3rdparty/include/avro/Specific.hh:30,
                 from /media/sf_Workspace/guoze.lin/ADCore/protocol/click/click.h:26,
                 from /media/sf_Workspace/guoze.lin/ADCore/utility/utility.h:26,
                 from /media/sf_Workspace/guoze.lin/ADCore/core_src/core.h:13,
                 from /media/sf_Workspace/guoze.lin/ADCore/core_src/core_start.cpp:12:
/media/sf_Workspace/guoze.lin/ADCore/3rdparty/include/avro/Stream.hh:125:16: warning: ‘template<class> class std::auto_ptr’ is deprecated [-Wdeprecated-declarations]
 AVRO_DECL std::auto_ptr<OutputStream> memoryOutputStream(size_t chunkSize = 4 * 1024);
                ^
In file included from /usr/include/c++/5.3.1/memory:81:0,
                 from /media/sf_Workspace/guoze.lin/ADCore/core_src/core.h:10,
                 from /media/sf_Workspace/guoze.lin/ADCore/core_src/core_start.cpp:12:
/usr/include/c++/5.3.1/bits/unique_ptr.h:49:28: note: declared here
   template<typename> class auto_ptr;
                            ^
In file included from /media/sf_Workspace/guoze.lin/ADCore/3rdparty/include/avro/Encoder.hh:28:0,
                 from /media/sf_Workspace/guoze.lin/ADCore/3rdparty/include/avro/Specific.hh:30,
                 from /media/sf_Workspace/guoze.lin/ADCore/protocol/click/click.h:26,
                 from /media/sf_Workspace/guoze.lin/ADCore/utility/utility.h:26,
                 from /media/sf_Workspace/guoze.lin/ADCore/core_src/core.h:13,
                 from /media/sf_Workspace/guoze.lin/ADCore/core_src/core_start.cpp:12:
/media/sf_Workspace/guoze.lin/ADCore/3rdparty/include/avro/Stream.hh:132:16: warning: ‘template<class> class std::auto_ptr’ is deprecated [-Wdeprecated-declarations]
 AVRO_DECL std::auto_ptr<InputStream> memoryInputStream(const uint8_t* data, size_t len);
                ^
In file included from /usr/include/c++/5.3.1/memory:81:0,
                 from /media/sf_Workspace/guoze.lin/ADCore/core_src/core.h:10,
                 from /media/sf_Workspace/guoze.lin/ADCore/core_src/core_start.cpp:12:
/usr/include/c++/5.3.1/bits/unique_ptr.h:49:28: note: declared here
   template<typename> class auto_ptr;
                            ^
In file included from /media/sf_Workspace/guoze.lin/ADCore/3rdparty/include/avro/Encoder.hh:28:0,
                 from /media/sf_Workspace/guoze.lin/ADCore/3rdparty/include/avro/Specific.hh:30,
                 from /media/sf_Workspace/guoze.lin/ADCore/protocol/click/click.h:26,
                 from /media/sf_Workspace/guoze.lin/ADCore/utility/utility.h:26,
                 from /media/sf_Workspace/guoze.lin/ADCore/core_src/core.h:13,
                 from /media/sf_Workspace/guoze.lin/ADCore/core_src/core_start.cpp:12:
/media/sf_Workspace/guoze.lin/ADCore/3rdparty/include/avro/Stream.hh:141:16: warning: ‘template<class> class std::auto_ptr’ is deprecated [-Wdeprecated-declarations]
 AVRO_DECL std::auto_ptr<InputStream> memoryInputStream(const OutputStream& source);
                ^
In file included from /usr/include/c++/5.3.1/memory:81:0,
                 from /media/sf_Workspace/guoze.lin/ADCore/core_src/core.h:10,
                 from /media/sf_Workspace/guoze.lin/ADCore/core_src/core_start.cpp:12:
/usr/include/c++/5.3.1/bits/unique_ptr.h:49:28: note: declared here
   template<typename> class auto_ptr;
                            ^
In file included from /media/sf_Workspace/guoze.lin/ADCore/3rdparty/include/avro/Encoder.hh:28:0,
                 from /media/sf_Workspace/guoze.lin/ADCore/3rdparty/include/avro/Specific.hh:30,
                 from /media/sf_Workspace/guoze.lin/ADCore/protocol/click/click.h:26,
                 from /media/sf_Workspace/guoze.lin/ADCore/utility/utility.h:26,
                 from /media/sf_Workspace/guoze.lin/ADCore/core_src/core.h:13,
                 from /media/sf_Workspace/guoze.lin/ADCore/core_src/core_start.cpp:12:
/media/sf_Workspace/guoze.lin/ADCore/3rdparty/include/avro/Stream.hh:157:16: warning: ‘template<class> class std::auto_ptr’ is deprecated [-Wdeprecated-declarations]
 AVRO_DECL std::auto_ptr<OutputStream> fileOutputStream(const char* filename,
                ^
In file included from /usr/include/c++/5.3.1/memory:81:0,
                 from /media/sf_Workspace/guoze.lin/ADCore/core_src/core.h:10,
                 from /media/sf_Workspace/guoze.lin/ADCore/core_src/core_start.cpp:12:
/usr/include/c++/5.3.1/bits/unique_ptr.h:49:28: note: declared here
   template<typename> class auto_ptr;
                            ^
In file included from /media/sf_Workspace/guoze.lin/ADCore/3rdparty/include/avro/Encoder.hh:28:0,
                 from /media/sf_Workspace/guoze.lin/ADCore/3rdparty/include/avro/Specific.hh:30,
                 from /media/sf_Workspace/guoze.lin/ADCore/protocol/click/click.h:26,
                 from /media/sf_Workspace/guoze.lin/ADCore/utility/utility.h:26,
                 from /media/sf_Workspace/guoze.lin/ADCore/core_src/core.h:13,
                 from /media/sf_Workspace/guoze.lin/ADCore/core_src/core_start.cpp:12:
/media/sf_Workspace/guoze.lin/ADCore/3rdparty/include/avro/Stream.hh:164:16: warning: ‘template<class> class std::auto_ptr’ is deprecated [-Wdeprecated-declarations]
 AVRO_DECL std::auto_ptr<InputStream> fileInputStream(const char* filename,
                ^
In file included from /usr/include/c++/5.3.1/memory:81:0,
                 from /media/sf_Workspace/guoze.lin/ADCore/core_src/core.h:10,
                 from /media/sf_Workspace/guoze.lin/ADCore/core_src/core_start.cpp:12:
/usr/include/c++/5.3.1/bits/unique_ptr.h:49:28: note: declared here
   template<typename> class auto_ptr;
                            ^
In file included from /media/sf_Workspace/guoze.lin/ADCore/3rdparty/include/avro/Encoder.hh:28:0,
                 from /media/sf_Workspace/guoze.lin/ADCore/3rdparty/include/avro/Specific.hh:30,
                 from /media/sf_Workspace/guoze.lin/ADCore/protocol/click/click.h:26,
                 from /media/sf_Workspace/guoze.lin/ADCore/utility/utility.h:26,
                 from /media/sf_Workspace/guoze.lin/ADCore/core_src/core.h:13,
                 from /media/sf_Workspace/guoze.lin/ADCore/core_src/core_start.cpp:12:
/media/sf_Workspace/guoze.lin/ADCore/3rdparty/include/avro/Stream.hh:172:16: warning: ‘template<class> class std::auto_ptr’ is deprecated [-Wdeprecated-declarations]
 AVRO_DECL std::auto_ptr<OutputStream> ostreamOutputStream(std::ostream& os,
                ^
In file included from /usr/include/c++/5.3.1/memory:81:0,
                 from /media/sf_Workspace/guoze.lin/ADCore/core_src/core.h:10,
                 from /media/sf_Workspace/guoze.lin/ADCore/core_src/core_start.cpp:12:
/usr/include/c++/5.3.1/bits/unique_ptr.h:49:28: note: declared here
   template<typename> class auto_ptr;
                            ^
In file included from /media/sf_Workspace/guoze.lin/ADCore/3rdparty/include/avro/Encoder.hh:28:0,
                 from /media/sf_Workspace/guoze.lin/ADCore/3rdparty/include/avro/Specific.hh:30,
                 from /media/sf_Workspace/guoze.lin/ADCore/protocol/click/click.h:26,
                 from /media/sf_Workspace/guoze.lin/ADCore/utility/utility.h:26,
                 from /media/sf_Workspace/guoze.lin/ADCore/core_src/core.h:13,
                 from /media/sf_Workspace/guoze.lin/ADCore/core_src/core_start.cpp:12:
/media/sf_Workspace/guoze.lin/ADCore/3rdparty/include/avro/Stream.hh:180:16: warning: ‘template<class> class std::auto_ptr’ is deprecated [-Wdeprecated-declarations]
 AVRO_DECL std::auto_ptr<InputStream> istreamInputStream(std::istream& in,
                ^
In file included from /usr/include/c++/5.3.1/memory:81:0,
                 from /media/sf_Workspace/guoze.lin/ADCore/core_src/core.h:10,
                 from /media/sf_Workspace/guoze.lin/ADCore/core_src/core_start.cpp:12:
/usr/include/c++/5.3.1/bits/unique_ptr.h:49:28: note: declared here
   template<typename> class auto_ptr;
                            ^
In file included from /media/sf_Workspace/guoze.lin/ADCore/3rdparty/include/avro/Encoder.hh:28:0,
                 from /media/sf_Workspace/guoze.lin/ADCore/3rdparty/include/avro/Specific.hh:30,
                 from /media/sf_Workspace/guoze.lin/ADCore/protocol/click/click.h:26,
                 from /media/sf_Workspace/guoze.lin/ADCore/utility/utility.h:26,
                 from /media/sf_Workspace/guoze.lin/ADCore/core_src/core.h:13,
                 from /media/sf_Workspace/guoze.lin/ADCore/core_src/core_main.cpp:5:
/media/sf_Workspace/guoze.lin/ADCore/3rdparty/include/avro/Stream.hh:125:16: warning: ‘template<class> class std::auto_ptr’ is deprecated [-Wdeprecated-declarations]
 AVRO_DECL std::auto_ptr<OutputStream> memoryOutputStream(size_t chunkSize = 4 * 1024);
                ^
In file included from /usr/include/c++/5.3.1/memory:81:0,
                 from /media/sf_Workspace/guoze.lin/ADCore/core_src/core.h:10,
                 from /media/sf_Workspace/guoze.lin/ADCore/core_src/core_main.cpp:5:
/usr/include/c++/5.3.1/bits/unique_ptr.h:49:28: note: declared here
   template<typename> class auto_ptr;
                            ^
In file included from /media/sf_Workspace/guoze.lin/ADCore/3rdparty/include/avro/Encoder.hh:28:0,
                 from /media/sf_Workspace/guoze.lin/ADCore/3rdparty/include/avro/Specific.hh:30,
                 from /media/sf_Workspace/guoze.lin/ADCore/protocol/click/click.h:26,
                 from /media/sf_Workspace/guoze.lin/ADCore/utility/utility.h:26,
                 from /media/sf_Workspace/guoze.lin/ADCore/core_src/core.h:13,
                 from /media/sf_Workspace/guoze.lin/ADCore/core_src/core_main.cpp:5:
/media/sf_Workspace/guoze.lin/ADCore/3rdparty/include/avro/Stream.hh:132:16: warning: ‘template<class> class std::auto_ptr’ is deprecated [-Wdeprecated-declarations]
 AVRO_DECL std::auto_ptr<InputStream> memoryInputStream(const uint8_t* data, size_t len);
                ^
In file included from /usr/include/c++/5.3.1/memory:81:0,
                 from /media/sf_Workspace/guoze.lin/ADCore/core_src/core.h:10,
                 from /media/sf_Workspace/guoze.lin/ADCore/core_src/core_main.cpp:5:
/usr/include/c++/5.3.1/bits/unique_ptr.h:49:28: note: declared here
   template<typename> class auto_ptr;
                            ^
In file included from /media/sf_Workspace/guoze.lin/ADCore/3rdparty/include/avro/Encoder.hh:28:0,
                 from /media/sf_Workspace/guoze.lin/ADCore/3rdparty/include/avro/Specific.hh:30,
                 from /media/sf_Workspace/guoze.lin/ADCore/protocol/click/click.h:26,
                 from /media/sf_Workspace/guoze.lin/ADCore/utility/utility.h:26,
                 from /media/sf_Workspace/guoze.lin/ADCore/core_src/core.h:13,
                 from /media/sf_Workspace/guoze.lin/ADCore/core_src/core_main.cpp:5:
/media/sf_Workspace/guoze.lin/ADCore/3rdparty/include/avro/Stream.hh:141:16: warning: ‘template<class> class std::auto_ptr’ is deprecated [-Wdeprecated-declarations]
 AVRO_DECL std::auto_ptr<InputStream> memoryInputStream(const OutputStream& source);
                ^
In file included from /usr/include/c++/5.3.1/memory:81:0,
                 from /media/sf_Workspace/guoze.lin/ADCore/core_src/core.h:10,
                 from /media/sf_Workspace/guoze.lin/ADCore/core_src/core_main.cpp:5:
/usr/include/c++/5.3.1/bits/unique_ptr.h:49:28: note: declared here
   template<typename> class auto_ptr;
                            ^
In file included from /media/sf_Workspace/guoze.lin/ADCore/3rdparty/include/avro/Encoder.hh:28:0,
                 from /media/sf_Workspace/guoze.lin/ADCore/3rdparty/include/avro/Specific.hh:30,
                 from /media/sf_Workspace/guoze.lin/ADCore/protocol/click/click.h:26,
                 from /media/sf_Workspace/guoze.lin/ADCore/utility/utility.h:26,
                 from /media/sf_Workspace/guoze.lin/ADCore/core_src/core.h:13,
                 from /media/sf_Workspace/guoze.lin/ADCore/core_src/core_main.cpp:5:
/media/sf_Workspace/guoze.lin/ADCore/3rdparty/include/avro/Stream.hh:157:16: warning: ‘template<class> class std::auto_ptr’ is deprecated [-Wdeprecated-declarations]
 AVRO_DECL std::auto_ptr<OutputStream> fileOutputStream(const char* filename,
                ^
In file included from /usr/include/c++/5.3.1/memory:81:0,
                 from /media/sf_Workspace/guoze.lin/ADCore/core_src/core.h:10,
                 from /media/sf_Workspace/guoze.lin/ADCore/core_src/core_main.cpp:5:
/usr/include/c++/5.3.1/bits/unique_ptr.h:49:28: note: declared here
   template<typename> class auto_ptr;
                            ^
In file included from /media/sf_Workspace/guoze.lin/ADCore/3rdparty/include/avro/Encoder.hh:28:0,
                 from /media/sf_Workspace/guoze.lin/ADCore/3rdparty/include/avro/Specific.hh:30,
                 from /media/sf_Workspace/guoze.lin/ADCore/protocol/click/click.h:26,
                 from /media/sf_Workspace/guoze.lin/ADCore/utility/utility.h:26,
                 from /media/sf_Workspace/guoze.lin/ADCore/core_src/core.h:13,
                 from /media/sf_Workspace/guoze.lin/ADCore/core_src/core_main.cpp:5:
/media/sf_Workspace/guoze.lin/ADCore/3rdparty/include/avro/Stream.hh:164:16: warning: ‘template<class> class std::auto_ptr’ is deprecated [-Wdeprecated-declarations]
 AVRO_DECL std::auto_ptr<InputStream> fileInputStream(const char* filename,
                ^
In file included from /usr/include/c++/5.3.1/memory:81:0,
                 from /media/sf_Workspace/guoze.lin/ADCore/core_src/core.h:10,
                 from /media/sf_Workspace/guoze.lin/ADCore/core_src/core_main.cpp:5:
/usr/include/c++/5.3.1/bits/unique_ptr.h:49:28: note: declared here
   template<typename> class auto_ptr;
                            ^
In file included from /media/sf_Workspace/guoze.lin/ADCore/3rdparty/include/avro/Encoder.hh:28:0,
                 from /media/sf_Workspace/guoze.lin/ADCore/3rdparty/include/avro/Specific.hh:30,
                 from /media/sf_Workspace/guoze.lin/ADCore/protocol/click/click.h:26,
                 from /media/sf_Workspace/guoze.lin/ADCore/utility/utility.h:26,
                 from /media/sf_Workspace/guoze.lin/ADCore/core_src/core.h:13,
                 from /media/sf_Workspace/guoze.lin/ADCore/core_src/core_main.cpp:5:
/media/sf_Workspace/guoze.lin/ADCore/3rdparty/include/avro/Stream.hh:172:16: warning: ‘template<class> class std::auto_ptr’ is deprecated [-Wdeprecated-declarations]
 AVRO_DECL std::auto_ptr<OutputStream> ostreamOutputStream(std::ostream& os,
                ^
In file included from /usr/include/c++/5.3.1/memory:81:0,
                 from /media/sf_Workspace/guoze.lin/ADCore/core_src/core.h:10,
                 from /media/sf_Workspace/guoze.lin/ADCore/core_src/core_main.cpp:5:
/usr/include/c++/5.3.1/bits/unique_ptr.h:49:28: note: declared here
   template<typename> class auto_ptr;
                            ^
In file included from /media/sf_Workspace/guoze.lin/ADCore/3rdparty/include/avro/Encoder.hh:28:0,
                 from /media/sf_Workspace/guoze.lin/ADCore/3rdparty/include/avro/Specific.hh:30,
                 from /media/sf_Workspace/guoze.lin/ADCore/protocol/click/click.h:26,
                 from /media/sf_Workspace/guoze.lin/ADCore/utility/utility.h:26,
                 from /media/sf_Workspace/guoze.lin/ADCore/core_src/core.h:13,
                 from /media/sf_Workspace/guoze.lin/ADCore/core_src/core_main.cpp:5:
/media/sf_Workspace/guoze.lin/ADCore/3rdparty/include/avro/Stream.hh:180:16: warning: ‘template<class> class std::auto_ptr’ is deprecated [-Wdeprecated-declarations]
 AVRO_DECL std::auto_ptr<InputStream> istreamInputStream(std::istream& in,
                ^
In file included from /usr/include/c++/5.3.1/memory:81:0,
                 from /media/sf_Workspace/guoze.lin/ADCore/core_src/core.h:10,
                 from /media/sf_Workspace/guoze.lin/ADCore/core_src/core_main.cpp:5:
/usr/include/c++/5.3.1/bits/unique_ptr.h:49:28: note: declared here
   template<typename> class auto_ptr;
                            ^
In file included from /media/sf_Workspace/guoze.lin/ADCore/3rdparty/include/avro/Encoder.hh:28:0,
                 from /media/sf_Workspace/guoze.lin/ADCore/3rdparty/include/avro/Specific.hh:30,
                 from /media/sf_Workspace/guoze.lin/ADCore/protocol/click/click.h:26,
                 from /media/sf_Workspace/guoze.lin/ADCore/utility/utility.h:26,
                 from /media/sf_Workspace/guoze.lin/ADCore/core_src/core.h:13,
                 from /media/sf_Workspace/guoze.lin/ADCore/core_src/core_daemon.cpp:12:
/media/sf_Workspace/guoze.lin/ADCore/3rdparty/include/avro/Stream.hh:125:16: warning: ‘template<class> class std::auto_ptr’ is deprecated [-Wdeprecated-declarations]
 AVRO_DECL std::auto_ptr<OutputStream> memoryOutputStream(size_t chunkSize = 4 * 1024);
                ^
In file included from /usr/include/c++/5.3.1/memory:81:0,
                 from /media/sf_Workspace/guoze.lin/ADCore/core_src/core.h:10,
                 from /media/sf_Workspace/guoze.lin/ADCore/core_src/core_daemon.cpp:12:
/usr/include/c++/5.3.1/bits/unique_ptr.h:49:28: note: declared here
   template<typename> class auto_ptr;
                            ^
In file included from /media/sf_Workspace/guoze.lin/ADCore/3rdparty/include/avro/Encoder.hh:28:0,
                 from /media/sf_Workspace/guoze.lin/ADCore/3rdparty/include/avro/Specific.hh:30,
                 from /media/sf_Workspace/guoze.lin/ADCore/protocol/click/click.h:26,
                 from /media/sf_Workspace/guoze.lin/ADCore/utility/utility.h:26,
                 from /media/sf_Workspace/guoze.lin/ADCore/core_src/core.h:13,
                 from /media/sf_Workspace/guoze.lin/ADCore/core_src/core_daemon.cpp:12:
/media/sf_Workspace/guoze.lin/ADCore/3rdparty/include/avro/Stream.hh:132:16: warning: ‘template<class> class std::auto_ptr’ is deprecated [-Wdeprecated-declarations]
 AVRO_DECL std::auto_ptr<InputStream> memoryInputStream(const uint8_t* data, size_t len);
                ^
In file included from /usr/include/c++/5.3.1/memory:81:0,
                 from /media/sf_Workspace/guoze.lin/ADCore/core_src/core.h:10,
                 from /media/sf_Workspace/guoze.lin/ADCore/core_src/core_daemon.cpp:12:
/usr/include/c++/5.3.1/bits/unique_ptr.h:49:28: note: declared here
   template<typename> class auto_ptr;
                            ^
In file included from /media/sf_Workspace/guoze.lin/ADCore/3rdparty/include/avro/Encoder.hh:28:0,
                 from /media/sf_Workspace/guoze.lin/ADCore/3rdparty/include/avro/Specific.hh:30,
                 from /media/sf_Workspace/guoze.lin/ADCore/protocol/click/click.h:26,
                 from /media/sf_Workspace/guoze.lin/ADCore/utility/utility.h:26,
                 from /media/sf_Workspace/guoze.lin/ADCore/core_src/core.h:13,
                 from /media/sf_Workspace/guoze.lin/ADCore/core_src/core_daemon.cpp:12:
/media/sf_Workspace/guoze.lin/ADCore/3rdparty/include/avro/Stream.hh:141:16: warning: ‘template<class> class std::auto_ptr’ is deprecated [-Wdeprecated-declarations]
 AVRO_DECL std::auto_ptr<InputStream> memoryInputStream(const OutputStream& source);
                ^
In file included from /usr/include/c++/5.3.1/memory:81:0,
                 from /media/sf_Workspace/guoze.lin/ADCore/core_src/core.h:10,
                 from /media/sf_Workspace/guoze.lin/ADCore/core_src/core_daemon.cpp:12:
/usr/include/c++/5.3.1/bits/unique_ptr.h:49:28: note: declared here
   template<typename> class auto_ptr;
                            ^
In file included from /media/sf_Workspace/guoze.lin/ADCore/3rdparty/include/avro/Encoder.hh:28:0,
                 from /media/sf_Workspace/guoze.lin/ADCore/3rdparty/include/avro/Specific.hh:30,
                 from /media/sf_Workspace/guoze.lin/ADCore/protocol/click/click.h:26,
                 from /media/sf_Workspace/guoze.lin/ADCore/utility/utility.h:26,
                 from /media/sf_Workspace/guoze.lin/ADCore/core_src/core.h:13,
                 from /media/sf_Workspace/guoze.lin/ADCore/core_src/core_daemon.cpp:12:
/media/sf_Workspace/guoze.lin/ADCore/3rdparty/include/avro/Stream.hh:157:16: warning: ‘template<class> class std::auto_ptr’ is deprecated [-Wdeprecated-declarations]
 AVRO_DECL std::auto_ptr<OutputStream> fileOutputStream(const char* filename,
                ^
In file included from /usr/include/c++/5.3.1/memory:81:0,
                 from /media/sf_Workspace/guoze.lin/ADCore/core_src/core.h:10,
                 from /media/sf_Workspace/guoze.lin/ADCore/core_src/core_daemon.cpp:12:
/usr/include/c++/5.3.1/bits/unique_ptr.h:49:28: note: declared here
   template<typename> class auto_ptr;
                            ^
In file included from /media/sf_Workspace/guoze.lin/ADCore/3rdparty/include/avro/Encoder.hh:28:0,
                 from /media/sf_Workspace/guoze.lin/ADCore/3rdparty/include/avro/Specific.hh:30,
                 from /media/sf_Workspace/guoze.lin/ADCore/protocol/click/click.h:26,
                 from /media/sf_Workspace/guoze.lin/ADCore/utility/utility.h:26,
                 from /media/sf_Workspace/guoze.lin/ADCore/core_src/core.h:13,
                 from /media/sf_Workspace/guoze.lin/ADCore/core_src/core_daemon.cpp:12:
/media/sf_Workspace/guoze.lin/ADCore/3rdparty/include/avro/Stream.hh:164:16: warning: ‘template<class> class std::auto_ptr’ is deprecated [-Wdeprecated-declarations]
 AVRO_DECL std::auto_ptr<InputStream> fileInputStream(const char* filename,
                ^
In file included from /usr/include/c++/5.3.1/memory:81:0,
                 from /media/sf_Workspace/guoze.lin/ADCore/core_src/core.h:10,
                 from /media/sf_Workspace/guoze.lin/ADCore/core_src/core_daemon.cpp:12:
/usr/include/c++/5.3.1/bits/unique_ptr.h:49:28: note: declared here
   template<typename> class auto_ptr;
                            ^
In file included from /media/sf_Workspace/guoze.lin/ADCore/3rdparty/include/avro/Encoder.hh:28:0,
                 from /media/sf_Workspace/guoze.lin/ADCore/3rdparty/include/avro/Specific.hh:30,
                 from /media/sf_Workspace/guoze.lin/ADCore/protocol/click/click.h:26,
                 from /media/sf_Workspace/guoze.lin/ADCore/utility/utility.h:26,
                 from /media/sf_Workspace/guoze.lin/ADCore/core_src/core.h:13,
                 from /media/sf_Workspace/guoze.lin/ADCore/core_src/core_daemon.cpp:12:
/media/sf_Workspace/guoze.lin/ADCore/3rdparty/include/avro/Stream.hh:172:16: warning: ‘template<class> class std::auto_ptr’ is deprecated [-Wdeprecated-declarations]
 AVRO_DECL std::auto_ptr<OutputStream> ostreamOutputStream(std::ostream& os,
                ^
In file included from /usr/include/c++/5.3.1/memory:81:0,
                 from /media/sf_Workspace/guoze.lin/ADCore/core_src/core.h:10,
                 from /media/sf_Workspace/guoze.lin/ADCore/core_src/core_daemon.cpp:12:
/usr/include/c++/5.3.1/bits/unique_ptr.h:49:28: note: declared here
   template<typename> class auto_ptr;
                            ^
In file included from /media/sf_Workspace/guoze.lin/ADCore/3rdparty/include/avro/Encoder.hh:28:0,
                 from /media/sf_Workspace/guoze.lin/ADCore/3rdparty/include/avro/Specific.hh:30,
                 from /media/sf_Workspace/guoze.lin/ADCore/protocol/click/click.h:26,
                 from /media/sf_Workspace/guoze.lin/ADCore/utility/utility.h:26,
                 from /media/sf_Workspace/guoze.lin/ADCore/core_src/core.h:13,
                 from /media/sf_Workspace/guoze.lin/ADCore/core_src/core_daemon.cpp:12:
/media/sf_Workspace/guoze.lin/ADCore/3rdparty/include/avro/Stream.hh:180:16: warning: ‘template<class> class std::auto_ptr’ is deprecated [-Wdeprecated-declarations]
 AVRO_DECL std::auto_ptr<InputStream> istreamInputStream(std::istream& in,
                ^
In file included from /usr/include/c++/5.3.1/memory:81:0,
                 from /media/sf_Workspace/guoze.lin/ADCore/core_src/core.h:10,
                 from /media/sf_Workspace/guoze.lin/ADCore/core_src/core_daemon.cpp:12:
/usr/include/c++/5.3.1/bits/unique_ptr.h:49:28: note: declared here
   template<typename> class auto_ptr;
                            ^
In file included from /media/sf_Workspace/guoze.lin/ADCore/3rdparty/include/avro/Encoder.hh:28:0,
                 from /media/sf_Workspace/guoze.lin/ADCore/3rdparty/include/avro/Specific.hh:30,
                 from /media/sf_Workspace/guoze.lin/ADCore/protocol/click/click.h:26,
                 from ../utility/utility.h:26,
                 from unit_test.cpp:9:
/media/sf_Workspace/guoze.lin/ADCore/3rdparty/include/avro/Stream.hh:125:16: warning: ‘template<class> class std::auto_ptr’ is deprecated [-Wdeprecated-declarations]
 AVRO_DECL std::auto_ptr<OutputStream> memoryOutputStream(size_t chunkSize = 4 * 1024);
                ^
In file included from /usr/include/c++/5.3.1/memory:81:0,
                 from /usr/include/boost/config/no_tr1/memory.hpp:21,
                 from /usr/include/boost/smart_ptr/shared_ptr.hpp:23,
                 from /usr/include/boost/shared_ptr.hpp:17,
                 from /media/sf_Workspace/guoze.lin/ADCore/3rdparty/include/avro/Node.hh:26,
                 from /media/sf_Workspace/guoze.lin/ADCore/3rdparty/include/avro/ValidSchema.hh:23,
                 from /media/sf_Workspace/guoze.lin/ADCore/3rdparty/include/avro/Encoder.hh:27,
                 from /media/sf_Workspace/guoze.lin/ADCore/3rdparty/include/avro/Specific.hh:30,
                 from /media/sf_Workspace/guoze.lin/ADCore/protocol/click/click.h:26,
                 from ../utility/utility.h:26,
                 from unit_test.cpp:9:
/usr/include/c++/5.3.1/bits/unique_ptr.h:49:28: note: declared here
   template<typename> class auto_ptr;
                            ^
In file included from /media/sf_Workspace/guoze.lin/ADCore/3rdparty/include/avro/Encoder.hh:28:0,
                 from /media/sf_Workspace/guoze.lin/ADCore/3rdparty/include/avro/Specific.hh:30,
                 from /media/sf_Workspace/guoze.lin/ADCore/protocol/click/click.h:26,
                 from ../utility/utility.h:26,
                 from unit_test.cpp:9:
/media/sf_Workspace/guoze.lin/ADCore/3rdparty/include/avro/Stream.hh:132:16: warning: ‘template<class> class std::auto_ptr’ is deprecated [-Wdeprecated-declarations]
 AVRO_DECL std::auto_ptr<InputStream> memoryInputStream(const uint8_t* data, size_t len);
                ^
In file included from /usr/include/c++/5.3.1/memory:81:0,
                 from /usr/include/boost/config/no_tr1/memory.hpp:21,
                 from /usr/include/boost/smart_ptr/shared_ptr.hpp:23,
                 from /usr/include/boost/shared_ptr.hpp:17,
                 from /media/sf_Workspace/guoze.lin/ADCore/3rdparty/include/avro/Node.hh:26,
                 from /media/sf_Workspace/guoze.lin/ADCore/3rdparty/include/avro/ValidSchema.hh:23,
                 from /media/sf_Workspace/guoze.lin/ADCore/3rdparty/include/avro/Encoder.hh:27,
                 from /media/sf_Workspace/guoze.lin/ADCore/3rdparty/include/avro/Specific.hh:30,
                 from /media/sf_Workspace/guoze.lin/ADCore/protocol/click/click.h:26,
                 from ../utility/utility.h:26,
                 from unit_test.cpp:9:
/usr/include/c++/5.3.1/bits/unique_ptr.h:49:28: note: declared here
   template<typename> class auto_ptr;
                            ^
In file included from /media/sf_Workspace/guoze.lin/ADCore/3rdparty/include/avro/Encoder.hh:28:0,
                 from /media/sf_Workspace/guoze.lin/ADCore/3rdparty/include/avro/Specific.hh:30,
                 from /media/sf_Workspace/guoze.lin/ADCore/protocol/click/click.h:26,
                 from ../utility/utility.h:26,
                 from unit_test.cpp:9:
/media/sf_Workspace/guoze.lin/ADCore/3rdparty/include/avro/Stream.hh:141:16: warning: ‘template<class> class std::auto_ptr’ is deprecated [-Wdeprecated-declarations]
 AVRO_DECL std::auto_ptr<InputStream> memoryInputStream(const OutputStream& source);
                ^
In file included from /usr/include/c++/5.3.1/memory:81:0,
                 from /usr/include/boost/config/no_tr1/memory.hpp:21,
                 from /usr/include/boost/smart_ptr/shared_ptr.hpp:23,
                 from /usr/include/boost/shared_ptr.hpp:17,
                 from /media/sf_Workspace/guoze.lin/ADCore/3rdparty/include/avro/Node.hh:26,
                 from /media/sf_Workspace/guoze.lin/ADCore/3rdparty/include/avro/ValidSchema.hh:23,
                 from /media/sf_Workspace/guoze.lin/ADCore/3rdparty/include/avro/Encoder.hh:27,
                 from /media/sf_Workspace/guoze.lin/ADCore/3rdparty/include/avro/Specific.hh:30,
                 from /media/sf_Workspace/guoze.lin/ADCore/protocol/click/click.h:26,
                 from ../utility/utility.h:26,
                 from unit_test.cpp:9:
/usr/include/c++/5.3.1/bits/unique_ptr.h:49:28: note: declared here
   template<typename> class auto_ptr;
                            ^
In file included from /media/sf_Workspace/guoze.lin/ADCore/3rdparty/include/avro/Encoder.hh:28:0,
                 from /media/sf_Workspace/guoze.lin/ADCore/3rdparty/include/avro/Specific.hh:30,
                 from /media/sf_Workspace/guoze.lin/ADCore/protocol/click/click.h:26,
                 from ../utility/utility.h:26,
                 from unit_test.cpp:9:
/media/sf_Workspace/guoze.lin/ADCore/3rdparty/include/avro/Stream.hh:157:16: warning: ‘template<class> class std::auto_ptr’ is deprecated [-Wdeprecated-declarations]
 AVRO_DECL std::auto_ptr<OutputStream> fileOutputStream(const char* filename,
                ^
In file included from /usr/include/c++/5.3.1/memory:81:0,
                 from /usr/include/boost/config/no_tr1/memory.hpp:21,
                 from /usr/include/boost/smart_ptr/shared_ptr.hpp:23,
                 from /usr/include/boost/shared_ptr.hpp:17,
                 from /media/sf_Workspace/guoze.lin/ADCore/3rdparty/include/avro/Node.hh:26,
                 from /media/sf_Workspace/guoze.lin/ADCore/3rdparty/include/avro/ValidSchema.hh:23,
                 from /media/sf_Workspace/guoze.lin/ADCore/3rdparty/include/avro/Encoder.hh:27,
                 from /media/sf_Workspace/guoze.lin/ADCore/3rdparty/include/avro/Specific.hh:30,
                 from /media/sf_Workspace/guoze.lin/ADCore/protocol/click/click.h:26,
                 from ../utility/utility.h:26,
                 from unit_test.cpp:9:
/usr/include/c++/5.3.1/bits/unique_ptr.h:49:28: note: declared here
   template<typename> class auto_ptr;
                            ^
In file included from /media/sf_Workspace/guoze.lin/ADCore/3rdparty/include/avro/Encoder.hh:28:0,
                 from /media/sf_Workspace/guoze.lin/ADCore/3rdparty/include/avro/Specific.hh:30,
                 from /media/sf_Workspace/guoze.lin/ADCore/protocol/click/click.h:26,
                 from ../utility/utility.h:26,
                 from unit_test.cpp:9:
/media/sf_Workspace/guoze.lin/ADCore/3rdparty/include/avro/Stream.hh:164:16: warning: ‘template<class> class std::auto_ptr’ is deprecated [-Wdeprecated-declarations]
 AVRO_DECL std::auto_ptr<InputStream> fileInputStream(const char* filename,
                ^
In file included from /usr/include/c++/5.3.1/memory:81:0,
                 from /usr/include/boost/config/no_tr1/memory.hpp:21,
                 from /usr/include/boost/smart_ptr/shared_ptr.hpp:23,
                 from /usr/include/boost/shared_ptr.hpp:17,
                 from /media/sf_Workspace/guoze.lin/ADCore/3rdparty/include/avro/Node.hh:26,
                 from /media/sf_Workspace/guoze.lin/ADCore/3rdparty/include/avro/ValidSchema.hh:23,
                 from /media/sf_Workspace/guoze.lin/ADCore/3rdparty/include/avro/Encoder.hh:27,
                 from /media/sf_Workspace/guoze.lin/ADCore/3rdparty/include/avro/Specific.hh:30,
                 from /media/sf_Workspace/guoze.lin/ADCore/protocol/click/click.h:26,
                 from ../utility/utility.h:26,
                 from unit_test.cpp:9:
/usr/include/c++/5.3.1/bits/unique_ptr.h:49:28: note: declared here
   template<typename> class auto_ptr;
                            ^
In file included from /media/sf_Workspace/guoze.lin/ADCore/3rdparty/include/avro/Encoder.hh:28:0,
                 from /media/sf_Workspace/guoze.lin/ADCore/3rdparty/include/avro/Specific.hh:30,
                 from /media/sf_Workspace/guoze.lin/ADCore/protocol/click/click.h:26,
                 from ../utility/utility.h:26,
                 from unit_test.cpp:9:
/media/sf_Workspace/guoze.lin/ADCore/3rdparty/include/avro/Stream.hh:172:16: warning: ‘template<class> class std::auto_ptr’ is deprecated [-Wdeprecated-declarations]
 AVRO_DECL std::auto_ptr<OutputStream> ostreamOutputStream(std::ostream& os,
                ^
In file included from /usr/include/c++/5.3.1/memory:81:0,
                 from /usr/include/boost/config/no_tr1/memory.hpp:21,
                 from /usr/include/boost/smart_ptr/shared_ptr.hpp:23,
                 from /usr/include/boost/shared_ptr.hpp:17,
                 from /media/sf_Workspace/guoze.lin/ADCore/3rdparty/include/avro/Node.hh:26,
                 from /media/sf_Workspace/guoze.lin/ADCore/3rdparty/include/avro/ValidSchema.hh:23,
                 from /media/sf_Workspace/guoze.lin/ADCore/3rdparty/include/avro/Encoder.hh:27,
                 from /media/sf_Workspace/guoze.lin/ADCore/3rdparty/include/avro/Specific.hh:30,
                 from /media/sf_Workspace/guoze.lin/ADCore/protocol/click/click.h:26,
                 from ../utility/utility.h:26,
                 from unit_test.cpp:9:
/usr/include/c++/5.3.1/bits/unique_ptr.h:49:28: note: declared here
   template<typename> class auto_ptr;
                            ^
In file included from /media/sf_Workspace/guoze.lin/ADCore/3rdparty/include/avro/Encoder.hh:28:0,
                 from /media/sf_Workspace/guoze.lin/ADCore/3rdparty/include/avro/Specific.hh:30,
                 from /media/sf_Workspace/guoze.lin/ADCore/protocol/click/click.h:26,
                 from ../utility/utility.h:26,
                 from unit_test.cpp:9:
/media/sf_Workspace/guoze.lin/ADCore/3rdparty/include/avro/Stream.hh:180:16: warning: ‘template<class> class std::auto_ptr’ is deprecated [-Wdeprecated-declarations]
 AVRO_DECL std::auto_ptr<InputStream> istreamInputStream(std::istream& in,
                ^
In file included from /usr/include/c++/5.3.1/memory:81:0,
                 from /usr/include/boost/config/no_tr1/memory.hpp:21,
                 from /usr/include/boost/smart_ptr/shared_ptr.hpp:23,
                 from /usr/include/boost/shared_ptr.hpp:17,
                 from /media/sf_Workspace/guoze.lin/ADCore/3rdparty/include/avro/Node.hh:26,
                 from /media/sf_Workspace/guoze.lin/ADCore/3rdparty/include/avro/ValidSchema.hh:23,
                 from /media/sf_Workspace/guoze.lin/ADCore/3rdparty/include/avro/Encoder.hh:27,
                 from /media/sf_Workspace/guoze.lin/ADCore/3rdparty/include/avro/Specific.hh:30,
                 from /media/sf_Workspace/guoze.lin/ADCore/protocol/click/click.h:26,
                 from ../utility/utility.h:26,
                 from unit_test.cpp:9:
/usr/include/c++/5.3.1/bits/unique_ptr.h:49:28: note: declared here
   template<typename> class auto_ptr;
                            ^
